{"C:\\Users\\kishor\\CascadeProjects1\\book-catalog-api\\backend\\server.js": {"path":"C:\\Users\\kishor\\CascadeProjects1\\book-catalog-api\\backend\\server.js","statementMap":{"0":{"start":{"line":6,"column":12},"end":{"line":6,"column":21}},"1":{"start":{"line":9,"column":0},"end":{"line":9,"column":16}},"2":{"start":{"line":10,"column":0},"end":{"line":10,"column":24}},"3":{"start":{"line":15,"column":0},"end":{"line":18,"column":3}},"4":{"start":{"line":16,"column":2},"end":{"line":16,"column":18}},"5":{"start":{"line":17,"column":2},"end":{"line":17,"column":26}},"6":{"start":{"line":21,"column":0},"end":{"line":29,"column":3}},"7":{"start":{"line":22,"column":2},"end":{"line":22,"column":18}},"8":{"start":{"line":23,"column":15},"end":{"line":23,"column":62}},"9":{"start":{"line":23,"column":39},"end":{"line":23,"column":61}},"10":{"start":{"line":24,"column":2},"end":{"line":28,"column":3}},"11":{"start":{"line":25,"column":4},"end":{"line":25,"column":19}},"12":{"start":{"line":27,"column":4},"end":{"line":27,"column":56}},"13":{"start":{"line":32,"column":0},"end":{"line":44,"column":3}},"14":{"start":{"line":33,"column":44},"end":{"line":33,"column":52}},"15":{"start":{"line":35,"column":2},"end":{"line":37,"column":3}},"16":{"start":{"line":36,"column":4},"end":{"line":36,"column":72}},"17":{"start":{"line":39,"column":18},"end":{"line":39,"column":65}},"18":{"start":{"line":40,"column":2},"end":{"line":40,"column":30}},"19":{"start":{"line":41,"column":2},"end":{"line":41,"column":19}},"20":{"start":{"line":43,"column":2},"end":{"line":43,"column":32}},"21":{"start":{"line":47,"column":0},"end":{"line":59,"column":3}},"22":{"start":{"line":48,"column":2},"end":{"line":48,"column":18}},"23":{"start":{"line":49,"column":20},"end":{"line":49,"column":72}},"24":{"start":{"line":49,"column":49},"end":{"line":49,"column":71}},"25":{"start":{"line":51,"column":2},"end":{"line":53,"column":3}},"26":{"start":{"line":52,"column":4},"end":{"line":52,"column":63}},"27":{"start":{"line":55,"column":2},"end":{"line":55,"column":74}},"28":{"start":{"line":56,"column":2},"end":{"line":56,"column":19}},"29":{"start":{"line":58,"column":2},"end":{"line":58,"column":37}},"30":{"start":{"line":62,"column":0},"end":{"line":74,"column":3}},"31":{"start":{"line":63,"column":2},"end":{"line":63,"column":18}},"32":{"start":{"line":64,"column":20},"end":{"line":64,"column":72}},"33":{"start":{"line":64,"column":49},"end":{"line":64,"column":71}},"34":{"start":{"line":66,"column":2},"end":{"line":68,"column":3}},"35":{"start":{"line":67,"column":4},"end":{"line":67,"column":63}},"36":{"start":{"line":70,"column":2},"end":{"line":70,"column":37}},"37":{"start":{"line":71,"column":2},"end":{"line":71,"column":19}},"38":{"start":{"line":73,"column":2},"end":{"line":73,"column":25}}},"fnMap":{"0":{"name":"(anonymous_0)","decl":{"start":{"line":15,"column":22},"end":{"line":15,"column":23}},"loc":{"start":{"line":15,"column":42},"end":{"line":18,"column":1}},"line":15},"1":{"name":"(anonymous_1)","decl":{"start":{"line":21,"column":26},"end":{"line":21,"column":27}},"loc":{"start":{"line":21,"column":46},"end":{"line":29,"column":1}},"line":21},"2":{"name":"(anonymous_2)","decl":{"start":{"line":23,"column":34},"end":{"line":23,"column":35}},"loc":{"start":{"line":23,"column":39},"end":{"line":23,"column":61}},"line":23},"3":{"name":"(anonymous_3)","decl":{"start":{"line":32,"column":23},"end":{"line":32,"column":24}},"loc":{"start":{"line":32,"column":43},"end":{"line":44,"column":1}},"line":32},"4":{"name":"(anonymous_4)","decl":{"start":{"line":47,"column":26},"end":{"line":47,"column":27}},"loc":{"start":{"line":47,"column":46},"end":{"line":59,"column":1}},"line":47},"5":{"name":"(anonymous_5)","decl":{"start":{"line":49,"column":44},"end":{"line":49,"column":45}},"loc":{"start":{"line":49,"column":49},"end":{"line":49,"column":71}},"line":49},"6":{"name":"(anonymous_6)","decl":{"start":{"line":62,"column":29},"end":{"line":62,"column":30}},"loc":{"start":{"line":62,"column":49},"end":{"line":74,"column":1}},"line":62},"7":{"name":"(anonymous_7)","decl":{"start":{"line":64,"column":44},"end":{"line":64,"column":45}},"loc":{"start":{"line":64,"column":49},"end":{"line":64,"column":71}},"line":64}},"branchMap":{"0":{"loc":{"start":{"line":24,"column":2},"end":{"line":28,"column":3}},"type":"if","locations":[{"start":{"line":24,"column":2},"end":{"line":28,"column":3}},{"start":{"line":26,"column":9},"end":{"line":28,"column":3}}],"line":24},"1":{"loc":{"start":{"line":35,"column":2},"end":{"line":37,"column":3}},"type":"if","locations":[{"start":{"line":35,"column":2},"end":{"line":37,"column":3}},{"start":{},"end":{}}],"line":35},"2":{"loc":{"start":{"line":35,"column":6},"end":{"line":35,"column":42}},"type":"binary-expr","locations":[{"start":{"line":35,"column":6},"end":{"line":35,"column":12}},{"start":{"line":35,"column":16},"end":{"line":35,"column":23}},{"start":{"line":35,"column":27},"end":{"line":35,"column":42}}],"line":35},"3":{"loc":{"start":{"line":51,"column":2},"end":{"line":53,"column":3}},"type":"if","locations":[{"start":{"line":51,"column":2},"end":{"line":53,"column":3}},{"start":{},"end":{}}],"line":51},"4":{"loc":{"start":{"line":66,"column":2},"end":{"line":68,"column":3}},"type":"if","locations":[{"start":{"line":66,"column":2},"end":{"line":68,"column":3}},{"start":{},"end":{}}],"line":66}},"s":{"0":1,"1":1,"2":1,"3":1,"4":2,"5":2,"6":1,"7":1,"8":1,"9":0,"10":1,"11":0,"12":1,"13":1,"14":2,"15":2,"16":1,"17":1,"18":1,"19":1,"20":1,"21":1,"22":2,"23":2,"24":1,"25":2,"26":1,"27":1,"28":1,"29":1,"30":1,"31":2,"32":2,"33":1,"34":2,"35":1,"36":1,"37":1,"38":1},"f":{"0":2,"1":1,"2":0,"3":2,"4":2,"5":1,"6":2,"7":1},"b":{"0":[0,1],"1":[1,1],"2":[2,2,1],"3":[1,1],"4":[1,1]},"inputSourceMap":null,"_coverageSchema":"1a1c01bbd47fc00a2c39e90264f33305004495a9","hash":"756422e4fb7b807812d775e94966cbf0c3b95be1"}
}
