{"C:\\Users\\kishor\\CascadeProjects1\\book-catalog-api\\backend\\server.js": {"path":"C:\\Users\\kishor\\CascadeProjects1\\book-catalog-api\\backend\\server.js","statementMap":{"0":{"start":{"line":8,"column":12},"end":{"line":8,"column":21}},"1":{"start":{"line":11,"column":0},"end":{"line":11,"column":16}},"2":{"start":{"line":12,"column":0},"end":{"line":12,"column":24}},"3":{"start":{"line":15,"column":19},"end":{"line":15,"column":49}},"4":{"start":{"line":16,"column":18},"end":{"line":16,"column":42}},"5":{"start":{"line":17,"column":0},"end":{"line":17,"column":61}},"6":{"start":{"line":22,"column":0},"end":{"line":25,"column":3}},"7":{"start":{"line":23,"column":2},"end":{"line":23,"column":18}},"8":{"start":{"line":24,"column":2},"end":{"line":24,"column":26}},"9":{"start":{"line":28,"column":0},"end":{"line":36,"column":3}},"10":{"start":{"line":29,"column":2},"end":{"line":29,"column":18}},"11":{"start":{"line":30,"column":15},"end":{"line":30,"column":62}},"12":{"start":{"line":30,"column":39},"end":{"line":30,"column":61}},"13":{"start":{"line":31,"column":2},"end":{"line":35,"column":3}},"14":{"start":{"line":32,"column":4},"end":{"line":32,"column":19}},"15":{"start":{"line":34,"column":4},"end":{"line":34,"column":56}},"16":{"start":{"line":39,"column":0},"end":{"line":51,"column":3}},"17":{"start":{"line":40,"column":44},"end":{"line":40,"column":52}},"18":{"start":{"line":42,"column":2},"end":{"line":44,"column":3}},"19":{"start":{"line":43,"column":4},"end":{"line":43,"column":72}},"20":{"start":{"line":46,"column":18},"end":{"line":46,"column":65}},"21":{"start":{"line":47,"column":2},"end":{"line":47,"column":30}},"22":{"start":{"line":48,"column":2},"end":{"line":48,"column":19}},"23":{"start":{"line":50,"column":2},"end":{"line":50,"column":32}},"24":{"start":{"line":54,"column":0},"end":{"line":66,"column":3}},"25":{"start":{"line":55,"column":2},"end":{"line":55,"column":18}},"26":{"start":{"line":56,"column":20},"end":{"line":56,"column":72}},"27":{"start":{"line":56,"column":49},"end":{"line":56,"column":71}},"28":{"start":{"line":58,"column":2},"end":{"line":60,"column":3}},"29":{"start":{"line":59,"column":4},"end":{"line":59,"column":63}},"30":{"start":{"line":62,"column":2},"end":{"line":62,"column":74}},"31":{"start":{"line":63,"column":2},"end":{"line":63,"column":19}},"32":{"start":{"line":65,"column":2},"end":{"line":65,"column":37}},"33":{"start":{"line":69,"column":0},"end":{"line":81,"column":3}},"34":{"start":{"line":70,"column":2},"end":{"line":70,"column":18}},"35":{"start":{"line":71,"column":20},"end":{"line":71,"column":72}},"36":{"start":{"line":71,"column":49},"end":{"line":71,"column":71}},"37":{"start":{"line":73,"column":2},"end":{"line":75,"column":3}},"38":{"start":{"line":74,"column":4},"end":{"line":74,"column":63}},"39":{"start":{"line":77,"column":2},"end":{"line":77,"column":37}},"40":{"start":{"line":78,"column":2},"end":{"line":78,"column":19}},"41":{"start":{"line":80,"column":2},"end":{"line":80,"column":25}}},"fnMap":{"0":{"name":"(anonymous_0)","decl":{"start":{"line":22,"column":22},"end":{"line":22,"column":23}},"loc":{"start":{"line":22,"column":42},"end":{"line":25,"column":1}},"line":22},"1":{"name":"(anonymous_1)","decl":{"start":{"line":28,"column":26},"end":{"line":28,"column":27}},"loc":{"start":{"line":28,"column":46},"end":{"line":36,"column":1}},"line":28},"2":{"name":"(anonymous_2)","decl":{"start":{"line":30,"column":34},"end":{"line":30,"column":35}},"loc":{"start":{"line":30,"column":39},"end":{"line":30,"column":61}},"line":30},"3":{"name":"(anonymous_3)","decl":{"start":{"line":39,"column":23},"end":{"line":39,"column":24}},"loc":{"start":{"line":39,"column":43},"end":{"line":51,"column":1}},"line":39},"4":{"name":"(anonymous_4)","decl":{"start":{"line":54,"column":26},"end":{"line":54,"column":27}},"loc":{"start":{"line":54,"column":46},"end":{"line":66,"column":1}},"line":54},"5":{"name":"(anonymous_5)","decl":{"start":{"line":56,"column":44},"end":{"line":56,"column":45}},"loc":{"start":{"line":56,"column":49},"end":{"line":56,"column":71}},"line":56},"6":{"name":"(anonymous_6)","decl":{"start":{"line":69,"column":29},"end":{"line":69,"column":30}},"loc":{"start":{"line":69,"column":49},"end":{"line":81,"column":1}},"line":69},"7":{"name":"(anonymous_7)","decl":{"start":{"line":71,"column":44},"end":{"line":71,"column":45}},"loc":{"start":{"line":71,"column":49},"end":{"line":71,"column":71}},"line":71}},"branchMap":{"0":{"loc":{"start":{"line":31,"column":2},"end":{"line":35,"column":3}},"type":"if","locations":[{"start":{"line":31,"column":2},"end":{"line":35,"column":3}},{"start":{"line":33,"column":9},"end":{"line":35,"column":3}}],"line":31},"1":{"loc":{"start":{"line":42,"column":2},"end":{"line":44,"column":3}},"type":"if","locations":[{"start":{"line":42,"column":2},"end":{"line":44,"column":3}},{"start":{},"end":{}}],"line":42},"2":{"loc":{"start":{"line":42,"column":6},"end":{"line":42,"column":42}},"type":"binary-expr","locations":[{"start":{"line":42,"column":6},"end":{"line":42,"column":12}},{"start":{"line":42,"column":16},"end":{"line":42,"column":23}},{"start":{"line":42,"column":27},"end":{"line":42,"column":42}}],"line":42},"3":{"loc":{"start":{"line":58,"column":2},"end":{"line":60,"column":3}},"type":"if","locations":[{"start":{"line":58,"column":2},"end":{"line":60,"column":3}},{"start":{},"end":{}}],"line":58},"4":{"loc":{"start":{"line":73,"column":2},"end":{"line":75,"column":3}},"type":"if","locations":[{"start":{"line":73,"column":2},"end":{"line":75,"column":3}},{"start":{},"end":{}}],"line":73}},"s":{"0":1,"1":1,"2":1,"3":1,"4":1,"5":1,"6":1,"7":2,"8":2,"9":1,"10":1,"11":1,"12":0,"13":1,"14":0,"15":1,"16":1,"17":2,"18":2,"19":1,"20":1,"21":1,"22":1,"23":1,"24":1,"25":2,"26":2,"27":1,"28":2,"29":1,"30":1,"31":1,"32":1,"33":1,"34":2,"35":2,"36":1,"37":2,"38":1,"39":1,"40":1,"41":1},"f":{"0":2,"1":1,"2":0,"3":2,"4":2,"5":1,"6":2,"7":1},"b":{"0":[0,1],"1":[1,1],"2":[2,2,1],"3":[1,1],"4":[1,1]},"inputSourceMap":null,"_coverageSchema":"1a1c01bbd47fc00a2c39e90264f33305004495a9","hash":"20de7ddfd444b741c15f8a8e25201a983316407e"}
}
