TN:
SF:database.js
FN:15,(anonymous_0)
FN:28,(anonymous_1)
FN:29,(anonymous_2)
FN:40,(anonymous_3)
FN:70,(anonymous_4)
FNF:5
FNH:3
FNDA:0,(anonymous_0)
FNDA:53,(anonymous_1)
FNDA:40,(anonymous_2)
FNDA:1,(anonymous_3)
FNDA:0,(anonymous_4)
DA:6,4
DA:12,4
DA:15,4
DA:16,0
DA:17,0
DA:19,0
DA:24,4
DA:26,4
DA:32,0
DA:33,0
DA:34,0
DA:40,4
DA:41,1
DA:42,1
DA:44,1
DA:45,1
DA:48,0
DA:51,0
DA:52,0
DA:53,0
DA:55,0
DA:56,0
DA:58,0
DA:60,0
DA:61,0
DA:63,0
DA:70,4
DA:71,0
DA:72,0
DA:73,0
DA:76,0
DA:77,0
DA:78,0
DA:79,0
DA:81,0
DA:83,0
DA:84,0
DA:85,0
DA:87,0
LF:39
LH:11
BRDA:16,0,0,0
BRDA:16,0,1,0
BRDA:24,1,0,4
BRDA:24,1,1,0
BRDA:42,2,0,1
BRDA:42,2,1,0
BRDA:51,3,0,0
BRDA:51,3,1,0
BRDA:52,4,0,0
BRDA:52,4,1,0
BRDA:53,5,0,0
BRDA:53,5,1,0
BRDA:60,6,0,0
BRDA:60,6,1,0
BRDA:72,7,0,0
BRDA:72,7,1,0
BRDA:77,8,0,0
BRDA:77,8,1,0
BRDA:84,9,0,0
BRDA:84,9,1,0
BRF:20
BRH:2
end_of_record
TN:
SF:server.js
FN:27,(anonymous_0)
FN:33,(anonymous_1)
FN:35,(anonymous_2)
FN:44,(anonymous_3)
FN:67,(anonymous_4)
FN:69,(anonymous_5)
FN:94,(anonymous_6)
FN:96,(anonymous_7)
FNF:8
FNH:7
FNDA:5,(anonymous_0)
FNDA:2,(anonymous_1)
FNDA:0,(anonymous_2)
FNDA:10,(anonymous_3)
FNDA:5,(anonymous_4)
FNDA:5,(anonymous_5)
FNDA:5,(anonymous_6)
FNDA:5,(anonymous_7)
DA:10,4
DA:13,4
DA:14,4
DA:17,4
DA:18,4
DA:19,4
DA:22,4
DA:27,4
DA:28,5
DA:29,5
DA:33,4
DA:34,2
DA:35,2
DA:36,2
DA:37,0
DA:39,2
DA:44,4
DA:45,10
DA:47,10
DA:48,2
DA:51,8
DA:59,8
DA:60,8
DA:61,8
DA:63,8
DA:67,4
DA:68,5
DA:69,5
DA:71,5
DA:72,1
DA:76,4
DA:77,2
DA:80,2
DA:87,2
DA:88,2
DA:90,2
DA:94,4
DA:95,5
DA:96,5
DA:98,5
DA:99,1
DA:103,4
DA:104,2
DA:107,2
DA:108,2
DA:110,2
LF:46
LH:45
BRDA:36,0,0,0
BRDA:36,0,1,2
BRDA:47,1,0,2
BRDA:47,1,1,8
BRDA:47,2,0,10
BRDA:47,2,1,10
BRDA:47,2,2,8
BRDA:71,3,0,1
BRDA:71,3,1,4
BRDA:76,4,0,2
BRDA:76,4,1,2
BRDA:98,5,0,1
BRDA:98,5,1,4
BRDA:103,6,0,2
BRDA:103,6,1,2
BRF:15
BRH:14
end_of_record
TN:
SF:middleware\auth.js
FN:6,authenticateToken
FNF:1
FNH:1
FNDA:27,authenticateToken
DA:7,27
DA:8,27
DA:9,27
DA:10,0
DA:13,27
DA:14,27
DA:16,27
DA:17,27
DA:19,0
LF:9
LH:7
BRDA:9,0,0,0
BRDA:9,0,1,27
BRDA:9,1,0,27
BRDA:9,1,1,27
BRF:4
BRH:3
end_of_record
TN:
SF:models\user.js
FN:5,(anonymous_0)
FN:7,(anonymous_1)
FN:10,(anonymous_2)
FN:29,(anonymous_3)
FN:33,(anonymous_4)
FN:35,(anonymous_5)
FNF:6
FNH:4
FNDA:15,(anonymous_0)
FNDA:3,(anonymous_1)
FNDA:12,(anonymous_2)
FNDA:2,(anonymous_3)
FNDA:0,(anonymous_4)
FNDA:0,(anonymous_5)
DA:6,15
DA:7,15
DA:11,12
DA:12,12
DA:13,1
DA:16,11
DA:17,11
DA:24,11
DA:25,11
DA:26,11
DA:30,2
DA:34,0
DA:35,0
DA:36,0
DA:37,0
DA:39,0
DA:40,0
LF:17
LH:11
BRDA:12,0,0,1
BRDA:12,0,1,11
BRDA:36,1,0,0
BRDA:36,1,1,0
BRF:4
BRH:2
end_of_record
TN:
SF:routes\auth.js
FN:12,(anonymous_0)
FN:34,(anonymous_1)
FN:58,(anonymous_2)
FNF:3
FNH:2
FNDA:12,(anonymous_0)
FNDA:3,(anonymous_1)
FNDA:0,(anonymous_2)
DA:6,4
DA:12,4
DA:13,12
DA:14,12
DA:15,12
DA:16,0
DA:19,12
DA:20,11
DA:21,11
DA:23,1
DA:24,1
DA:26,0
DA:34,4
DA:35,3
DA:36,3
DA:37,3
DA:38,0
DA:41,3
DA:42,3
DA:43,1
DA:46,2
DA:47,2
DA:48,1
DA:51,1
DA:52,1
DA:54,0
DA:58,4
DA:59,0
DA:60,0
DA:61,0
DA:63,0
LF:31
LH:23
BRDA:15,0,0,0
BRDA:15,0,1,12
BRDA:15,1,0,12
BRDA:15,1,1,12
BRDA:23,2,0,1
BRDA:23,2,1,0
BRDA:37,3,0,0
BRDA:37,3,1,3
BRDA:37,4,0,3
BRDA:37,4,1,3
BRDA:42,5,0,1
BRDA:42,5,1,2
BRDA:47,6,0,1
BRDA:47,6,1,1
BRF:14
BRH:11
end_of_record
