TN:
SF:server.js
FN:15,(anonymous_0)
FN:21,(anonymous_1)
FN:23,(anonymous_2)
FN:32,(anonymous_3)
FN:47,(anonymous_4)
FN:49,(anonymous_5)
FN:62,(anonymous_6)
FN:64,(anonymous_7)
FNF:8
FNH:7
FNDA:2,(anonymous_0)
FNDA:1,(anonymous_1)
FNDA:0,(anonymous_2)
FNDA:2,(anonymous_3)
FNDA:2,(anonymous_4)
FNDA:1,(anonymous_5)
FNDA:2,(anonymous_6)
FNDA:1,(anonymous_7)
DA:6,1
DA:9,1
DA:10,1
DA:15,1
DA:16,2
DA:17,2
DA:21,1
DA:22,1
DA:23,1
DA:24,1
DA:25,0
DA:27,1
DA:32,1
DA:33,2
DA:35,2
DA:36,1
DA:39,1
DA:40,1
DA:41,1
DA:43,1
DA:47,1
DA:48,2
DA:49,2
DA:51,2
DA:52,1
DA:55,1
DA:56,1
DA:58,1
DA:62,1
DA:63,2
DA:64,2
DA:66,2
DA:67,1
DA:70,1
DA:71,1
DA:73,1
LF:36
LH:35
BRDA:24,0,0,0
BRDA:24,0,1,1
BRDA:35,1,0,1
BRDA:35,1,1,1
BRDA:35,2,0,2
BRDA:35,2,1,2
BRDA:35,2,2,1
BRDA:51,3,0,1
BRDA:51,3,1,1
BRDA:66,4,0,1
BRDA:66,4,1,1
BRF:11
BRH:10
end_of_record
